0 verbose cli G:\HBuilderX\plugins\node\node.exe G:\HBuilderX\plugins\npm\node_modules\npm\bin\npm-cli.js
1 info using npm@10.5.0
2 info using node@v18.20.0
3 timing npm:load:whichnode Completed in 2ms
4 timing config:load:defaults Completed in 1ms
5 timing config:load:file:G:\HBuilderX\plugins\npm\node_modules\npm\npmrc Completed in 2ms
6 timing config:load:builtin Completed in 2ms
7 timing config:load:cli Completed in 2ms
8 timing config:load:env Completed in 0ms
9 timing config:load:file:E:\TST\linbaofang\Jimoty\uni_modules\uni-id-pages\uniCloud\cloudfunctions\uni-id-co\.npmrc Completed in 0ms
10 timing config:load:project Completed in 2ms
11 timing config:load:file:C:\Users\铜钱\.npmrc Completed in 1ms
12 timing config:load:user Completed in 1ms
13 timing config:load:file:G:\nodejs\etc\npmrc Completed in 1ms
14 timing config:load:global Completed in 1ms
15 timing config:load:setEnvs Completed in 0ms
16 timing config:load Completed in 9ms
17 timing npm:load:configload Completed in 9ms
18 timing config:load:flatten Completed in 1ms
19 timing npm:load:mkdirpcache Completed in 1ms
20 timing npm:load:mkdirplogs Completed in 0ms
21 verbose title npm ls
22 verbose argv "ls"
23 timing npm:load:setTitle Completed in 1ms
24 timing npm:load:display Completed in 0ms
25 verbose logfile logs-max:10 dir:E:\TST\linbaofang\Jimoty\uni_modules\uni-id-pages\uniCloud\cloudfunctions\uni-id-co\npm config set cache\_logs\2024-12-12T13_46_34_797Z-
26 verbose logfile E:\TST\linbaofang\Jimoty\uni_modules\uni-id-pages\uniCloud\cloudfunctions\uni-id-co\npm config set cache\_logs\2024-12-12T13_46_34_797Z-debug-0.log
27 timing npm:load:logFile Completed in 9ms
28 timing npm:load:timers Completed in 0ms
29 timing npm:load:configScope Completed in 0ms
30 timing npm:load Completed in 42ms
31 timing arborist:ctor Completed in 1ms
32 silly logfile done cleaning log files
33 timing command:ls Completed in 146ms
34 verbose stack Error: missing: uni-captcha@file:../../../../uni-captcha/uniCloud/cloudfunctions/common/uni-captcha, required by uni-id-co@1.1.20
34 verbose stack missing: uni-cloud-s2s@file:../../../../uni-cloud-s2s/uniCloud/cloudfunctions/common/uni-cloud-s2s, required by uni-id-co@1.1.20
34 verbose stack missing: uni-config-center@file:../../../../uni-config-center/uniCloud/cloudfunctions/common/uni-config-center, required by uni-id-co@1.1.20
34 verbose stack missing: uni-id-common@file:../../../../uni-id-common/uniCloud/cloudfunctions/common/uni-id-common, required by uni-id-co@1.1.20
34 verbose stack missing: uni-open-bridge-common@file:../../../../uni-open-bridge-common/uniCloud/cloudfunctions/common/uni-open-bridge-common, required by uni-id-co@1.1.20
34 verbose stack     at LS.exec (G:\HBuilderX\plugins\npm\node_modules\npm\lib\commands\ls.js:203:9)
34 verbose stack     at async module.exports (G:\HBuilderX\plugins\npm\node_modules\npm\lib\cli-entry.js:61:5)
35 verbose cwd E:\TST\linbaofang\Jimoty\uni_modules\uni-id-pages\uniCloud\cloudfunctions\uni-id-co
36 verbose Windows_NT 10.0.26100
37 verbose node v18.20.0
38 verbose npm  v10.5.0
39 error code ELSPROBLEMS
40 error missing: uni-captcha@file:../../../../uni-captcha/uniCloud/cloudfunctions/common/uni-captcha, required by uni-id-co@1.1.20
40 error missing: uni-cloud-s2s@file:../../../../uni-cloud-s2s/uniCloud/cloudfunctions/common/uni-cloud-s2s, required by uni-id-co@1.1.20
40 error missing: uni-config-center@file:../../../../uni-config-center/uniCloud/cloudfunctions/common/uni-config-center, required by uni-id-co@1.1.20
40 error missing: uni-id-common@file:../../../../uni-id-common/uniCloud/cloudfunctions/common/uni-id-common, required by uni-id-co@1.1.20
40 error missing: uni-open-bridge-common@file:../../../../uni-open-bridge-common/uniCloud/cloudfunctions/common/uni-open-bridge-common, required by uni-id-co@1.1.20
41 verbose exit 1
42 timing npm Completed in 228ms
43 verbose code 1
44 error A complete log of this run can be found in: E:\TST\linbaofang\Jimoty\uni_modules\uni-id-pages\uniCloud\cloudfunctions\uni-id-co\npm config set cache\_logs\2024-12-12T13_46_34_797Z-debug-0.log
