0 verbose cli G:\nodejs\node.exe G:\nodejs\node_modules\npm\bin\npm-cli.js
1 info using npm@10.5.0
2 info using node@v18.20.0
3 timing npm:load:whichnode Completed in 7ms
4 timing config:load:defaults Completed in 1ms
5 timing config:load:file:G:\nodejs\node_modules\npm\npmrc Completed in 3ms
6 timing config:load:builtin Completed in 3ms
7 timing config:load:cli Completed in 1ms
8 timing config:load:env Completed in 0ms
9 timing config:load:file:E:\TST\linbaofang\Jimoty\.npmrc Completed in 0ms
10 timing config:load:project Completed in 1ms
11 timing config:load:file:C:\Users\铜钱\.npmrc Completed in 1ms
12 timing config:load:user Completed in 1ms
13 timing config:load:file:G:\nodejs\etc\npmrc Completed in 0ms
14 timing config:load:global Completed in 0ms
15 timing config:load:setEnvs Completed in 1ms
16 timing config:load Completed in 8ms
17 timing npm:load:configload Completed in 9ms
18 timing config:load:flatten Completed in 2ms
19 timing npm:load:mkdirpcache Completed in 0ms
20 timing npm:load:mkdirplogs Completed in 1ms
21 verbose title npm run dev
22 verbose argv "run" "dev"
23 timing npm:load:setTitle Completed in 1ms
24 timing npm:load:display Completed in 1ms
25 verbose logfile logs-max:10 dir:E:\TST\linbaofang\Jimoty\npm config set cache\_logs\2024-12-18T17_47_46_231Z-
26 verbose logfile E:\TST\linbaofang\Jimoty\npm config set cache\_logs\2024-12-18T17_47_46_231Z-debug-0.log
27 timing npm:load:logFile Completed in 8ms
28 timing npm:load:timers Completed in 0ms
29 timing npm:load:configScope Completed in 0ms
30 timing npm:load Completed in 64ms
31 silly logfile done cleaning log files
32 timing command:run Completed in 6ms
33 verbose stack Error: Missing script: "dev"
33 verbose stack
33 verbose stack To see a list of scripts, run:
33 verbose stack   npm run
33 verbose stack     at RunScript.run (G:\nodejs\node_modules\npm\lib\commands\run-script.js:94:13)
33 verbose stack     at async module.exports (G:\nodejs\node_modules\npm\lib\cli-entry.js:61:5)
34 verbose cwd E:\TST\linbaofang\Jimoty
35 verbose Windows_NT 10.0.26100
36 verbose node v18.20.0
37 verbose npm  v10.5.0
38 error Missing script: "dev"
38 error
38 error To see a list of scripts, run:
38 error   npm run
39 verbose exit 1
40 timing npm Completed in 122ms
41 verbose code 1
42 error A complete log of this run can be found in: E:\TST\linbaofang\Jimoty\npm config set cache\_logs\2024-12-18T17_47_46_231Z-debug-0.log
